{"C:\\Users\\sami_\\OneDrive\\Desktop\\Diseño de Sitios Web con Interacción\\Laboratorio3_todoApp\\src\\app.js": {"path":"C:\\Users\\sami_\\OneDrive\\Desktop\\Diseño de Sitios Web con Interacción\\Laboratorio3_todoApp\\src\\app.js","statementMap":{"0":{"start":{"line":1,"column":16},"end":{"line":1,"column":34}},"1":{"start":{"line":2,"column":21},"end":{"line":2,"column":47}},"2":{"start":{"line":3,"column":12},"end":{"line":3,"column":21}},"3":{"start":{"line":5,"column":0},"end":{"line":5,"column":24}},"4":{"start":{"line":6,"column":0},"end":{"line":6,"column":37}},"5":{"start":{"line":8,"column":0},"end":{"line":8,"column":51}},"6":{"start":{"line":8,"column":27},"end":{"line":8,"column":49}},"7":{"start":{"line":10,"column":0},"end":{"line":10,"column":21}}},"fnMap":{"0":{"name":"(anonymous_0)","decl":{"start":{"line":8,"column":13},"end":{"line":8,"column":14}},"loc":{"start":{"line":8,"column":27},"end":{"line":8,"column":49}},"line":8}},"branchMap":{},"s":{"0":2,"1":2,"2":2,"3":2,"4":2,"5":2,"6":0,"7":2},"f":{"0":0},"b":{},"_coverageSchema":"1a1c01bbd47fc00a2c39e90264f33305004495a9","hash":"c5b241f4a7701a91cf5d9a92d02ac7a252e95c6d"}
,"C:\\Users\\sami_\\OneDrive\\Desktop\\Diseño de Sitios Web con Interacción\\Laboratorio3_todoApp\\src\\models\\tarea.model.js": {"path":"C:\\Users\\sami_\\OneDrive\\Desktop\\Diseño de Sitios Web con Interacción\\Laboratorio3_todoApp\\src\\models\\tarea.model.js","statementMap":{"0":{"start":{"line":1,"column":17},"end":{"line":1,"column":36}},"1":{"start":{"line":3,"column":20},"end":{"line":7,"column":2}},"2":{"start":{"line":9,"column":0},"end":{"line":9,"column":54}}},"fnMap":{},"branchMap":{},"s":{"0":2,"1":2,"2":2},"f":{},"b":{},"_coverageSchema":"1a1c01bbd47fc00a2c39e90264f33305004495a9","hash":"ce73b650663c07ad1a4a2174d70979bcf2620459"}
,"C:\\Users\\sami_\\OneDrive\\Desktop\\Diseño de Sitios Web con Interacción\\Laboratorio3_todoApp\\src\\routes\\tareas.js": {"path":"C:\\Users\\sami_\\OneDrive\\Desktop\\Diseño de Sitios Web con Interacción\\Laboratorio3_todoApp\\src\\routes\\tareas.js","statementMap":{"0":{"start":{"line":1,"column":16},"end":{"line":1,"column":34}},"1":{"start":{"line":2,"column":15},"end":{"line":2,"column":31}},"2":{"start":{"line":3,"column":14},"end":{"line":3,"column":46}},"3":{"start":{"line":6,"column":0},"end":{"line":15,"column":3}},"4":{"start":{"line":7,"column":2},"end":{"line":14,"column":3}},"5":{"start":{"line":8,"column":33},"end":{"line":8,"column":41}},"6":{"start":{"line":9,"column":18},"end":{"line":9,"column":49}},"7":{"start":{"line":10,"column":4},"end":{"line":10,"column":23}},"8":{"start":{"line":11,"column":4},"end":{"line":11,"column":39}},"9":{"start":{"line":13,"column":4},"end":{"line":13,"column":56}},"10":{"start":{"line":18,"column":0},"end":{"line":25,"column":3}},"11":{"start":{"line":19,"column":2},"end":{"line":24,"column":3}},"12":{"start":{"line":20,"column":19},"end":{"line":20,"column":44}},"13":{"start":{"line":21,"column":4},"end":{"line":21,"column":28}},"14":{"start":{"line":23,"column":4},"end":{"line":23,"column":56}},"15":{"start":{"line":28,"column":0},"end":{"line":36,"column":3}},"16":{"start":{"line":29,"column":2},"end":{"line":35,"column":3}},"17":{"start":{"line":30,"column":18},"end":{"line":30,"column":60}},"18":{"start":{"line":31,"column":4},"end":{"line":31,"column":68}},"19":{"start":{"line":31,"column":16},"end":{"line":31,"column":68}},"20":{"start":{"line":32,"column":4},"end":{"line":32,"column":27}},"21":{"start":{"line":34,"column":4},"end":{"line":34,"column":56}},"22":{"start":{"line":39,"column":0},"end":{"line":56,"column":3}},"23":{"start":{"line":40,"column":2},"end":{"line":55,"column":3}},"24":{"start":{"line":41,"column":33},"end":{"line":41,"column":41}},"25":{"start":{"line":42,"column":18},"end":{"line":46,"column":5}},"26":{"start":{"line":48,"column":4},"end":{"line":50,"column":5}},"27":{"start":{"line":49,"column":6},"end":{"line":49,"column":58}},"28":{"start":{"line":52,"column":4},"end":{"line":52,"column":27}},"29":{"start":{"line":54,"column":4},"end":{"line":54,"column":56}},"30":{"start":{"line":59,"column":0},"end":{"line":71,"column":3}},"31":{"start":{"line":60,"column":2},"end":{"line":70,"column":3}},"32":{"start":{"line":61,"column":18},"end":{"line":61,"column":62}},"33":{"start":{"line":63,"column":4},"end":{"line":65,"column":5}},"34":{"start":{"line":64,"column":6},"end":{"line":64,"column":58}},"35":{"start":{"line":67,"column":4},"end":{"line":67,"column":34}},"36":{"start":{"line":69,"column":4},"end":{"line":69,"column":56}},"37":{"start":{"line":73,"column":0},"end":{"line":73,"column":24}}},"fnMap":{"0":{"name":"(anonymous_0)","decl":{"start":{"line":6,"column":17},"end":{"line":6,"column":18}},"loc":{"start":{"line":6,"column":37},"end":{"line":15,"column":1}},"line":6},"1":{"name":"(anonymous_1)","decl":{"start":{"line":18,"column":16},"end":{"line":18,"column":17}},"loc":{"start":{"line":18,"column":36},"end":{"line":25,"column":1}},"line":18},"2":{"name":"(anonymous_2)","decl":{"start":{"line":28,"column":19},"end":{"line":28,"column":20}},"loc":{"start":{"line":28,"column":39},"end":{"line":36,"column":1}},"line":28},"3":{"name":"(anonymous_3)","decl":{"start":{"line":39,"column":19},"end":{"line":39,"column":20}},"loc":{"start":{"line":39,"column":39},"end":{"line":56,"column":1}},"line":39},"4":{"name":"(anonymous_4)","decl":{"start":{"line":59,"column":22},"end":{"line":59,"column":23}},"loc":{"start":{"line":59,"column":42},"end":{"line":71,"column":1}},"line":59}},"branchMap":{"0":{"loc":{"start":{"line":31,"column":4},"end":{"line":31,"column":68}},"type":"if","locations":[{"start":{"line":31,"column":4},"end":{"line":31,"column":68}},{"start":{},"end":{}}],"line":31},"1":{"loc":{"start":{"line":48,"column":4},"end":{"line":50,"column":5}},"type":"if","locations":[{"start":{"line":48,"column":4},"end":{"line":50,"column":5}},{"start":{},"end":{}}],"line":48},"2":{"loc":{"start":{"line":63,"column":4},"end":{"line":65,"column":5}},"type":"if","locations":[{"start":{"line":63,"column":4},"end":{"line":65,"column":5}},{"start":{},"end":{}}],"line":63}},"s":{"0":2,"1":2,"2":2,"3":2,"4":3,"5":3,"6":3,"7":3,"8":1,"9":2,"10":2,"11":3,"12":3,"13":3,"14":0,"15":2,"16":4,"17":4,"18":3,"19":2,"20":1,"21":1,"22":2,"23":1,"24":1,"25":1,"26":1,"27":0,"28":1,"29":0,"30":2,"31":1,"32":1,"33":1,"34":0,"35":1,"36":0,"37":2},"f":{"0":3,"1":3,"2":4,"3":1,"4":1},"b":{"0":[2,1],"1":[0,1],"2":[0,1]},"_coverageSchema":"1a1c01bbd47fc00a2c39e90264f33305004495a9","hash":"1936cd1cd5dff406747edd9faa9bb602c62ff73b"}
}
