TN:
SF:src\app.js
FN:8,(anonymous_0)
FNF:1
FNH:0
FNDA:0,(anonymous_0)
DA:1,2
DA:2,2
DA:3,2
DA:5,2
DA:6,2
DA:8,2
DA:10,2
LF:7
LH:7
BRF:0
BRH:0
end_of_record
TN:
SF:src\models\tarea.model.js
FNF:0
FNH:0
DA:1,2
DA:3,2
DA:9,2
LF:3
LH:3
BRF:0
BRH:0
end_of_record
TN:
SF:src\routes\tareas.js
FN:6,(anonymous_0)
FN:18,(anonymous_1)
FN:28,(anonymous_2)
FN:39,(anonymous_3)
FN:59,(anonymous_4)
FNF:5
FNH:5
FNDA:3,(anonymous_0)
FNDA:3,(anonymous_1)
FNDA:4,(anonymous_2)
FNDA:1,(anonymous_3)
FNDA:1,(anonymous_4)
DA:1,2
DA:2,2
DA:3,2
DA:6,2
DA:7,3
DA:8,3
DA:9,3
DA:10,3
DA:11,1
DA:13,2
DA:18,2
DA:19,3
DA:20,3
DA:21,3
DA:23,0
DA:28,2
DA:29,4
DA:30,4
DA:31,3
DA:32,1
DA:34,1
DA:39,2
DA:40,1
DA:41,1
DA:42,1
DA:48,1
DA:49,0
DA:52,1
DA:54,0
DA:59,2
DA:60,1
DA:61,1
DA:63,1
DA:64,0
DA:67,1
DA:69,0
DA:73,2
LF:37
LH:32
BRDA:31,0,0,2
BRDA:31,0,1,1
BRDA:48,1,0,0
BRDA:48,1,1,1
BRDA:63,2,0,0
BRDA:63,2,1,1
BRF:6
BRH:4
end_of_record
